TN:
SF:C:\Users\King\cloud\rijs\fero\constants.js
FN:3,Constants
FNF:1
FNH:1
FNDA:1,Constants
DA:1,1
DA:4,1
DA:5,1
DA:8,1
DA:9,1
DA:11,1
DA:13,1
DA:18,1
DA:29,1
DA:40,1
DA:67,1
DA:71,1
DA:77,1
LF:13
LH:13
BRDA:3,1,0,1
BRDA:4,2,0,1
BRF:2
BRH:2
end_of_record
TN:
SF:C:\Users\King\cloud\rijs\fero\deb.js
FN:1,(anonymous_1)
FN:1,(anonymous_2)
FNF:2
FNH:2
FNDA:1,(anonymous_1)
FNDA:2,(anonymous_2)
DA:1,2
DA:3,1
DA:4,1
DA:5,1
LF:4
LH:4
BRDA:4,1,0,1
BRF:1
BRH:1
end_of_record
TN:
SF:C:\Users\King\cloud\rijs\fero\partitions.js
FN:3,Partitions
FN:11,(anonymous_2)
FN:15,(anonymous_3)
FN:27,(anonymous_4)
FN:50,(anonymous_5)
FNF:5
FNH:5
FNDA:1,Partitions
FNDA:8,(anonymous_2)
FNDA:6,(anonymous_3)
FNDA:6,(anonymous_4)
FNDA:2,(anonymous_5)
DA:1,1
DA:4,1
DA:6,1
DA:11,1
DA:12,8
DA:15,1
DA:16,6
DA:27,1
DA:28,6
DA:30,6
DA:32,6
DA:34,6
DA:35,2
DA:37,6
DA:39,4
DA:40,4
DA:41,2
DA:42,1
DA:44,2
DA:45,1
DA:50,1
DA:51,2
DA:53,2
DA:54,1
DA:56,1
DA:58,1
DA:61,1
DA:62,1
DA:63,1
LF:29
LH:29
BRDA:12,1,0,8
BRDA:12,1,1,1
BRDA:16,2,0,1
BRDA:16,2,1,5
BRDA:16,3,0,6
BRDA:16,3,1,3
BRDA:18,4,0,1
BRDA:18,4,1,4
BRDA:18,5,0,5
BRDA:18,5,1,3
BRDA:20,6,0,1
BRDA:20,6,1,3
BRDA:20,7,0,4
BRDA:20,7,1,2
BRDA:22,8,0,1
BRDA:22,8,1,2
BRDA:22,9,0,3
BRDA:22,9,1,1
BRDA:30,10,0,1
BRDA:30,10,1,5
BRDA:32,11,0,6
BRDA:32,11,1,1
BRDA:34,12,0,2
BRDA:34,12,1,4
BRDA:37,13,0,4
BRDA:37,13,1,2
BRDA:41,14,0,1
BRDA:41,14,1,1
BRDA:44,15,0,1
BRDA:44,15,1,1
BRDA:51,16,0,0
BRDA:51,16,1,2
BRDA:53,17,0,1
BRDA:53,17,1,1
BRDA:53,18,0,2
BRDA:53,18,1,1
BRDA:53,18,2,1
BRF:37
BRH:36
end_of_record
TN:
SF:C:\Users\King\cloud\rijs\fero\serdes.js
FN:3,serialise
FN:33,deserialise
FNF:2
FNH:2
FNDA:12,serialise
FNDA:5,deserialise
DA:1,1
DA:4,12
DA:5,12
DA:9,12
DA:10,11
DA:11,11
DA:12,11
DA:13,11
DA:14,11
DA:15,11
DA:16,11
DA:17,11
DA:18,11
DA:20,1
DA:21,1
DA:22,1
DA:23,1
DA:24,1
DA:25,1
DA:26,1
DA:27,1
DA:28,1
DA:29,1
DA:34,5
DA:35,5
DA:36,5
DA:37,4
DA:39,1
DA:40,1
DA:42,5
DA:43,5
DA:47,5
DA:48,5
LF:33
LH:33
BRDA:3,1,0,3
BRDA:4,2,0,0
BRDA:4,2,1,12
BRDA:4,3,0,0
BRDA:4,3,1,0
BRDA:5,4,0,0
BRDA:5,4,1,12
BRDA:6,5,0,1
BRDA:6,5,1,11
BRDA:7,6,0,11
BRDA:7,6,1,0
BRDA:9,7,0,11
BRDA:9,7,1,1
BRDA:36,8,0,4
BRDA:36,8,1,1
BRDA:42,9,0,5
BRDA:42,9,1,0
BRDA:43,10,0,0
BRDA:43,10,1,5
BRDA:44,11,0,0
BRDA:44,11,1,5
BRDA:45,12,0,5
BRDA:45,12,1,0
BRF:23
BRH:14
end_of_record
TN:
SF:C:\Users\King\cloud\rijs\fero\utils.js
FN:1,(anonymous_1)
FN:3,(anonymous_2)
FN:3,(anonymous_3)
FN:5,emit
FN:11,(anonymous_5)
FNF:5
FNH:1
FNDA:0,(anonymous_1)
FNDA:0,(anonymous_2)
FNDA:0,(anonymous_3)
FNDA:0,emit
FNDA:6,(anonymous_5)
DA:1,1
DA:3,1
DA:6,0
DA:7,0
DA:8,0
DA:11,6
DA:14,1
LF:7
LH:4
BRDA:6,1,0,0
BRDA:6,1,1,0
BRDA:11,2,0,6
BRDA:11,2,1,6
BRDA:11,2,2,1
BRF:5
BRH:3
end_of_record
